"merged polygon 9 at its vertex 21 ; merged 106 polygons so far."

Polygon {
    num_traversable: 6,
    area: 1180.0,
    vertices: [
        60,
        56,
        23,
        91,
        90,
        93,
        94,
        95,
        110,
        85,
        86,
        89,
        88,
        68,
        69,
        65,
        64,
        66,
        67,
        62,
        63,
        61, 
    ],
    polygons: [
        -1,
        8,
        93,
        -1,
        -1,
        -1,
        -1,
        80,
        -1,
        -1,
        -1,
        -1,
        59,
        -1,
        60,
        -1,
        -1,
        -1,
        -1,
        -1,
        119,
        -1,
    ],
}
[src\meshmerger.rs:435] &self.mesh_polygons[merge_info.polygon_to as usize] = Polygon {
    num_traversable: 4,
    area: 802.0,
    vertices: [
        37,
        40,
        34,
        33,
        39,
        41,
        57,
        58,
        59,
        61,
        63,
        65,
        69,
        70,
        81,
        80,
        71,
        72,
        79,
        78,
        75,
        74, <- 21
        73,
        76,
        77,
        35,
        36,
        38,
    ],
    polygons: [
        -1,
        -1,
        -1,
        -1,
        -1,
        112,
        -1,
        -1,
        -1,
        118,
        -1,
        88,
        54,
        -1,
        -1,
        -1,
        -1,
        -1,
        -1,
        -1,
        -1,
        -1, <- 21
        -1,
        -1,
        -1,
        -1,
        -1,
        -1,
    ],
}
[src\meshmerger.rs:439] &self.mesh_polygons[from as usize] = Polygon {
    num_traversable: 6,
    area: 1180.0,
    vertices: [
        60,
        56,
        23,
        91,
        90,
        93,
        94,
        95,
        110,
        85,
        86,
        89,
        88,
        68,
        69,
        65,
        64,
        66,
        67,
        62,
        63,
        61,
    ],
    polygons: [
        -1,
        8,
        93,
        -1,
        -1,
        -1,
        -1,
        80,
        -1,
        -1,
        -1,
        -1,
        59,
        -1,
        60,
        -1,
        -1,
        -1,
        -1,
        -1,
        119,
        -1,
    ],
}
[src\meshmerger.rs:440] &self.mesh_polygons[*i as usize] = Polygon {
    num_traversable: 8,
    area: 1982.0,
    vertices: [
        63,
        65,
        69,
        70,
        81,
        80,
        71,
        72,
        79,
        78,
        75,
        74,
        73,
        76,
        77,
        35,
        36,
        38,
        37,
        40,
        34,
        33,
        39,
        41,
        57,
        58,
        59,
        61,
        60,
        56,
        23,
        91,
        90,
        93,
        94,
        95,
        110,
        85,
        86,
        89,
        88,
        68,
        69,
        65,
        64,
        66,
        67,
        62,
    ],
    polygons: [
        -1,
        88,
        54,
        -1,
        -1,
        -1,
        -1,
        -1,
        -1,
        -1,
        -1,
        -1,
        -1,
        -1,
        -1,
        -1,
        -1,
        -1,
        -1,
        -1,
        -1,
        -1,
        -1,
        112,
        -1,
        -1,
        -1,
        -1,
        -1,
        8,
        93,
        -1,
        -1,
        -1,
        -1,
        80,
        -1,
        -1,
        -1,
        -1,
        59,
        -1,
        60,
        -1,
        -1,
        -1,
        -1,
        -1,
    ],
}